  main.cpp
main.cpp(161): warning C4244: '=': conversion from 'float' to 'int', possible loss of data
main.cpp(164): warning C4244: 'argument': conversion from 'time_t' to 'unsigned int', possible loss of data
main.cpp(223): warning C4244: 'initializing': conversion from 'double' to 'float', possible loss of data
main.cpp(354): warning C4244: 'argument': conversion from 'int' to 'float', possible loss of data
main.cpp(407): warning C4244: 'argument': conversion from 'int' to 'float', possible loss of data
main.cpp(411): warning C4244: 'argument': conversion from 'int' to 'float', possible loss of data
main.cpp(415): warning C4244: 'argument': conversion from 'int' to 'float', possible loss of data
main.cpp(419): warning C4244: 'argument': conversion from 'int' to 'float', possible loss of data
main.cpp(428): warning C4244: '=': conversion from 'double' to 'float', possible loss of data
main.cpp(429): warning C4244: '=': conversion from 'double' to 'float', possible loss of data
main.cpp(433): warning C4244: 'initializing': conversion from 'double' to 'float', possible loss of data
main.cpp(434): warning C4244: 'initializing': conversion from 'double' to 'float', possible loss of data
main.cpp(435): warning C4244: '=': conversion from 'double' to 'float', possible loss of data
main.cpp(436): warning C4244: '=': conversion from 'double' to 'float', possible loss of data
main.cpp(443): warning C4244: 'argument': conversion from 'double' to 'float', possible loss of data
LINK : warning LNK4098: defaultlib 'LIBCMT' conflicts with use of other libs; use /NODEFAULTLIB:library
LINK : warning LNK4098: defaultlib 'MSVCRTD' conflicts with use of other libs; use /NODEFAULTLIB:library
  Generating code
  1 of 1134 functions ( 0.1%) were compiled, the rest were copied from previous compilation.
    0 functions were new in current compilation
    3 functions had inline decision re-evaluated but remain unchanged
  Finished generating code
soil2-debug.lib(image_DXT.obj) : warning LNK4099: PDB 'soil2-debug.pdb' was not found with 'soil2-debug.lib(image_DXT.obj)' or at 'C:\Users\alexm\Documents\Game Development - Advanced Programming 2017\Artificial Intelligence\Project2\x64\Release\soil2-debug.pdb'; linking object as if no debug info
soil2-debug.lib(image_helper.obj) : warning LNK4099: PDB 'soil2-debug.pdb' was not found with 'soil2-debug.lib(image_helper.obj)' or at 'C:\Users\alexm\Documents\Game Development - Advanced Programming 2017\Artificial Intelligence\Project2\x64\Release\soil2-debug.pdb'; linking object as if no debug info
soil2-debug.lib(SOIL2.obj) : warning LNK4099: PDB 'soil2-debug.pdb' was not found with 'soil2-debug.lib(SOIL2.obj)' or at 'C:\Users\alexm\Documents\Game Development - Advanced Programming 2017\Artificial Intelligence\Project2\x64\Release\soil2-debug.pdb'; linking object as if no debug info
soil2-debug.lib(stb_image_write.obj) : warning LNK4099: PDB 'soil2-debug.pdb' was not found with 'soil2-debug.lib(stb_image_write.obj)' or at 'C:\Users\alexm\Documents\Game Development - Advanced Programming 2017\Artificial Intelligence\Project2\x64\Release\soil2-debug.pdb'; linking object as if no debug info
  Project2.vcxproj -> C:\Users\alexm\Documents\Game Development - Advanced Programming 2017\Artificial Intelligence\Project2\x64\Release\Project2.exe
